\BOOKMARK [1][-]{section.1}{加群}{}% 1
\BOOKMARK [2][-]{subsection.1.1}{環と体}{section.1}% 2
\BOOKMARK [2][-]{subsection.1.2}{加群}{section.1}% 3
\BOOKMARK [2][-]{subsection.1.3}{多項式環}{section.1}% 4
\BOOKMARK [2][-]{subsection.1.4}{テンサー積}{section.1}% 5
\BOOKMARK [2][-]{subsection.1.5}{完全系列}{section.1}% 6
\BOOKMARK [2][-]{subsection.1.6}{体}{section.1}% 7
\BOOKMARK [1][-]{section.2}{イデアルの一般論}{}% 8
\BOOKMARK [2][-]{subsection.2.1}{整域と素イデアル}{section.2}% 9
\BOOKMARK [2][-]{subsection.2.2}{イデアルについての演算、根基}{section.2}% 10
\BOOKMARK [2][-]{subsection.2.3}{準素イデアル}{section.2}% 11
\BOOKMARK [2][-]{subsection.2.4}{商環}{section.2}% 12
\BOOKMARK [2][-]{subsection.2.5}{整拡大}{section.2}% 13
\BOOKMARK [2][-]{subsection.2.6}{素元分解の一意性}{section.2}% 14
\BOOKMARK [1][-]{section.3}{Noether環、付値環、およびDedekind環}{}% 15
\BOOKMARK [2][-]{subsection.3.1}{Noether環}{section.3}% 16
\BOOKMARK [2][-]{subsection.3.2}{準素イデアル分解}{section.3}% 17
\BOOKMARK [2][-]{subsection.3.3}{局所環の定義}{section.3}% 18
\BOOKMARK [2][-]{subsection.3.4}{付値環}{section.3}% 19
\BOOKMARK [2][-]{subsection.3.5}{Noether環の整拡大}{section.3}% 20
\BOOKMARK [2][-]{subsection.3.6}{いくつかの商環の共通部分}{section.3}% 21
\BOOKMARK [1][-]{section.4}{有限生成環}{}% 22
\BOOKMARK [2][-]{subsection.4.1}{正規化定理}{section.4}% 23
\BOOKMARK [2][-]{subsection.4.2}{正規化定理の応用例}{section.4}% 24
\BOOKMARK [2][-]{subsection.4.3}{正則性}{section.4}% 25
\BOOKMARK [2][-]{subsection.4.4}{幾何学的意義}{section.4}% 26
\BOOKMARK [1][-]{section.5}{局所環の完備化}{}% 27
\BOOKMARK [2][-]{subsection.5.1}{イデアルによる位相}{section.5}% 28
\BOOKMARK [2][-]{subsection.5.2}{べき級数環}{section.5}% 29
\BOOKMARK [2][-]{subsection.5.3}{半局所環の完備化}{section.5}% 30
\BOOKMARK [2][-]{subsection.5.4}{完備化の平坦性}{section.5}% 31
\BOOKMARK [2][-]{subsection.5.5}{平坦性続論}{section.5}% 32
\BOOKMARK [1][-]{section.6}{重複度}{}% 33
\BOOKMARK [2][-]{subsection.6.1}{Hilbert特性多項式}{section.6}% 34
\BOOKMARK [2][-]{subsection.6.2}{多項式}{section.6}% 35
\BOOKMARK [2][-]{subsection.6.3}{上表元}{section.6}% 36
\BOOKMARK [2][-]{subsection.6.4}{重複度の定義}{section.6}% 37
\BOOKMARK [2][-]{subsection.6.5}{パラメーター系で生成されるイデアル}{section.6}% 38
\BOOKMARK [2][-]{subsection.6.6}{Cohen-Macaulay環}{section.6}% 39
\BOOKMARK [2][-]{subsection.6.7}{Krull-秋月の定理}{section.6}% 40
\BOOKMARK [1][-]{section.7}{syzyzy}{}% 41
\BOOKMARK [2][-]{subsection.7.1}{syzyzyの定義}{section.7}% 42
\BOOKMARK [2][-]{subsection.7.2}{正則列}{section.7}% 43
\BOOKMARK [2][-]{subsection.7.3}{正則局所環}{section.7}% 44
\BOOKMARK [1][-]{section.8}{完備局所環とその応用}{}% 45
\BOOKMARK [2][-]{subsection.8.1}{完備局所環の性質}{section.8}% 46
\BOOKMARK [2][-]{subsection.8.2}{完備局所環の構造定理}{section.8}% 47
\BOOKMARK [2][-]{subsection.8.3}{整閉包の有限性}{section.8}% 48
\BOOKMARK [2][-]{subsection.8.4}{Noether整域の整閉包}{section.8}% 49
\BOOKMARK [2][-]{subsection.8.5}{素イデアル鎖の長さ}{section.8}% 50
\BOOKMARK [1][-]{section.9}{幾何学的局所環}{}% 51
\BOOKMARK [2][-]{subsection.9.1}{局所域}{section.9}% 52
\BOOKMARK [2][-]{subsection.9.2}{解析的不分岐性}{section.9}% 53
\BOOKMARK [2][-]{subsection.9.3}{解析的正規性}{section.9}% 54
\BOOKMARK [1][-]{section.10}{Hensel環}{}% 55
\BOOKMARK [2][-]{subsection.10.1}{不分岐拡大}{section.10}% 56
\BOOKMARK [2][-]{subsection.10.2}{Hensel化}{section.10}% 57
\BOOKMARK [2][-]{subsection.10.3}{べき級数環}{section.10}% 58
\BOOKMARK [1][-]{appendix.A}{日記}{}% 59
